c:\users\jakov\documents\visual studio 2017\projects\marcoslab1\marcoslab1\debug\vc141.pdb
c:\users\jakov\documents\visual studio 2017\projects\marcoslab1\marcoslab1\debug\vc141.idb
c:\users\jakov\documents\visual studio 2017\projects\marcoslab1\marcoslab1\debug\lex.obj
c:\users\jakov\documents\visual studio 2017\projects\marcoslab1\marcoslab1\debug\main.obj
c:\users\jakov\documents\visual studio 2017\projects\marcoslab1\marcoslab1\debug\table.obj
c:\users\jakov\documents\visual studio 2017\projects\marcoslab1\marcoslab1\debug\parser.obj
c:\users\jakov\documents\visual studio 2017\projects\marcoslab1\marcoslab1\debug\parser.obj.enc
c:\users\jakov\documents\visual studio 2017\projects\marcoslab1\debug\marcoslab1.pdb
c:\users\jakov\documents\visual studio 2017\projects\marcoslab1\marcoslab1\debug\marcoslab1.tlog\cl.command.1.tlog
c:\users\jakov\documents\visual studio 2017\projects\marcoslab1\marcoslab1\debug\marcoslab1.tlog\cl.read.1.tlog
c:\users\jakov\documents\visual studio 2017\projects\marcoslab1\marcoslab1\debug\marcoslab1.tlog\cl.write.1.tlog
c:\users\jakov\documents\visual studio 2017\projects\marcoslab1\marcoslab1\debug\marcoslab1.tlog\link.11096-cvtres.read.1.tlog
c:\users\jakov\documents\visual studio 2017\projects\marcoslab1\marcoslab1\debug\marcoslab1.tlog\link.11096-cvtres.write.1.tlog
c:\users\jakov\documents\visual studio 2017\projects\marcoslab1\marcoslab1\debug\marcoslab1.tlog\link.11096-rc.read.1.tlog
c:\users\jakov\documents\visual studio 2017\projects\marcoslab1\marcoslab1\debug\marcoslab1.tlog\link.11096-rc.write.1.tlog
c:\users\jakov\documents\visual studio 2017\projects\marcoslab1\marcoslab1\debug\marcoslab1.tlog\link.11096.read.1.tlog
c:\users\jakov\documents\visual studio 2017\projects\marcoslab1\marcoslab1\debug\marcoslab1.tlog\link.11096.write.1.tlog
c:\users\jakov\documents\visual studio 2017\projects\marcoslab1\marcoslab1\debug\marcoslab1.tlog\link.command.1.tlog
c:\users\jakov\documents\visual studio 2017\projects\marcoslab1\marcoslab1\debug\marcoslab1.tlog\link.read.1.tlog
c:\users\jakov\documents\visual studio 2017\projects\marcoslab1\marcoslab1\debug\marcoslab1.tlog\link.write.1.tlog
